2025-03-04 08:01:19 [console.INFO] [yii\db\Connection::open] Opening DB connection: mysql:host=db;dbname=db;port=3306 {"memory":10579320} 
2025-03-04 08:01:19 [console.ERROR] [craft\db\Connection::open] SQLSTATE[HY000] [2002] php_network_getaddresses: getaddrinfo for db failed: nodename nor servname provided, or not known {"memory":10664136} 
2025-03-04 08:01:19 [console.ERROR] [craft\db\Connection::open] SQLSTATE[HY000] [2002] php_network_getaddresses: getaddrinfo for db failed: nodename nor servname provided, or not known {"memory":10664352} 
2025-03-04 08:01:19 [console.ERROR] [craft\base\ApplicationTrait::getIsDbConnectionValid] There was a problem connecting to the database: Craft CMS can’t connect to the database. {"memory":10693312} 
2025-03-04 08:01:19 [console.ERROR] [craft\errors\DbConnectException] PDOException: PDO::__construct(): php_network_getaddresses: getaddrinfo for db failed: nodename nor servname provided, or not known in /Users/andreawindisch/DATA/coding/coding-spaces/kinderturnus/vendor/yiisoft/yii2/db/Connection.php:722
Stack trace:
#0 /Users/andreawindisch/DATA/coding/coding-spaces/kinderturnus/vendor/yiisoft/yii2/db/Connection.php(722): PDO->__construct('mysql:host=db;d...', 'db', Object(SensitiveParameterValue), Array)
#1 /Users/andreawindisch/DATA/coding/coding-spaces/kinderturnus/vendor/yiisoft/yii2/db/Connection.php(637): yii\db\Connection->createPdoInstance()
#2 /Users/andreawindisch/DATA/coding/coding-spaces/kinderturnus/vendor/craftcms/cms/src/db/Connection.php(178): yii\db\Connection->open()
#3 /Users/andreawindisch/DATA/coding/coding-spaces/kinderturnus/vendor/craftcms/cms/src/base/ApplicationTrait.php(969): craft\db\Connection->open()
#4 /Users/andreawindisch/DATA/coding/coding-spaces/kinderturnus/vendor/craftcms/cms/src/base/ApplicationTrait.php(423): craft\web\Application->getIsDbConnectionValid()
#5 /Users/andreawindisch/DATA/coding/coding-spaces/kinderturnus/vendor/craftcms/cms/src/services/Sites.php(1177): craft\web\Application->getIsInstalled()
#6 /Users/andreawindisch/DATA/coding/coding-spaces/kinderturnus/vendor/craftcms/cms/src/services/Sites.php(485): craft\services\Sites->_loadAllSites()
#7 /Users/andreawindisch/DATA/coding/coding-spaces/kinderturnus/vendor/yiisoft/yii2/base/Component.php(180): craft\services\Sites->setCurrentSite(NULL)
#8 /Users/andreawindisch/DATA/coding/coding-spaces/kinderturnus/vendor/yiisoft/yii2/BaseYii.php(557): yii\base\Component->__set('currentSite', NULL)
#9 /Users/andreawindisch/DATA/coding/coding-spaces/kinderturnus/vendor/yiisoft/yii2/base/BaseObject.php(107): yii\BaseYii::configure(Object(craft\services\Sites), Array)
#10 [internal function]: yii\base\BaseObject->__construct(Array)
#11 /Users/andreawindisch/DATA/coding/coding-spaces/kinderturnus/vendor/yiisoft/yii2/di/Container.php(419): ReflectionClass->newInstanceArgs(Array)
#12 /Users/andreawindisch/DATA/coding/coding-spaces/kinderturnus/vendor/yiisoft/yii2/di/Container.php(170): yii\di\Container->build('craft\\services\\...', Array, Array)
#13 /Users/andreawindisch/DATA/coding/coding-spaces/kinderturnus/vendor/yiisoft/yii2/BaseYii.php(365): yii\di\Container->get('craft\\services\\...', Array, Array)
#14 /Users/andreawindisch/DATA/coding/coding-spaces/kinderturnus/vendor/yiisoft/yii2/di/ServiceLocator.php(137): yii\BaseYii::createObject(Array)
#15 /Users/andreawindisch/DATA/coding/coding-spaces/kinderturnus/vendor/yiisoft/yii2/base/Module.php(766): yii\di\ServiceLocator->get('sites', true)
#16 /Users/andreawindisch/DATA/coding/coding-spaces/kinderturnus/vendor/craftcms/cms/src/web/Application.php(369): yii\base\Module->get('sites', true)
#17 /Users/andreawindisch/DATA/coding/coding-spaces/kinderturnus/vendor/yiisoft/yii2/di/Instance.php(172): craft\web\Application->get('sites')
#18 /Users/andreawindisch/DATA/coding/coding-spaces/kinderturnus/vendor/yiisoft/yii2/di/Instance.php(144): yii\di\Instance->get(NULL)
#19 /Users/andreawindisch/DATA/coding/coding-spaces/kinderturnus/vendor/craftcms/cms/src/web/Request.php(229): yii\di\Instance::ensure(Object(yii\di\Instance), 'craft\\services\\...')
#20 /Users/andreawindisch/DATA/coding/coding-spaces/kinderturnus/vendor/yiisoft/yii2/base/BaseObject.php(109): craft\web\Request->init()
#21 [internal function]: yii\base\BaseObject->__construct(Array)
#22 /Users/andreawindisch/DATA/coding/coding-spaces/kinderturnus/vendor/yiisoft/yii2/di/Container.php(419): ReflectionClass->newInstanceArgs(Array)
#23 /Users/andreawindisch/DATA/coding/coding-spaces/kinderturnus/vendor/yiisoft/yii2/di/Container.php(170): yii\di\Container->build('craft\\web\\Reque...', Array, Array)
#24 /Users/andreawindisch/DATA/coding/coding-spaces/kinderturnus/vendor/yiisoft/yii2/BaseYii.php(365): yii\di\Container->get('craft\\web\\Reque...', Array, Array)
#25 /Users/andreawindisch/DATA/coding/coding-spaces/kinderturnus/vendor/craftcms/cms/src/Craft.php(70): yii\BaseYii::createObject(Array, Array)
#26 /Users/andreawindisch/DATA/coding/coding-spaces/kinderturnus/vendor/craftcms/cms/src/config/app.web.php(20): Craft::createObject(Array)
#27 [internal function]: {closure}()
#28 /Users/andreawindisch/DATA/coding/coding-spaces/kinderturnus/vendor/yiisoft/yii2/di/Container.php(633): call_user_func_array(Object(Closure), Array)
#29 /Users/andreawindisch/DATA/coding/coding-spaces/kinderturnus/vendor/yiisoft/yii2/BaseYii.php(349): yii\di\Container->invoke(Object(Closure), Array)
#30 /Users/andreawindisch/DATA/coding/coding-spaces/kinderturnus/vendor/yiisoft/yii2/di/ServiceLocator.php(137): yii\BaseYii::createObject(Object(Closure))
#31 /Users/andreawindisch/DATA/coding/coding-spaces/kinderturnus/vendor/yiisoft/yii2/base/Module.php(766): yii\di\ServiceLocator->get('request', true)
#32 /Users/andreawindisch/DATA/coding/coding-spaces/kinderturnus/vendor/craftcms/cms/src/web/Application.php(369): yii\base\Module->get('request', true)
#33 /Users/andreawindisch/DATA/coding/coding-spaces/kinderturnus/vendor/yiisoft/yii2/web/Application.php(160): craft\web\Application->get('request')
#34 /Users/andreawindisch/DATA/coding/coding-spaces/kinderturnus/vendor/craftcms/cms/src/base/ApplicationTrait.php(1578): yii\web\Application->getRequest()
#35 /Users/andreawindisch/DATA/coding/coding-spaces/kinderturnus/vendor/craftcms/cms/src/web/Application.php(102): craft\web\Application->_preInit()
#36 /Users/andreawindisch/DATA/coding/coding-spaces/kinderturnus/vendor/yiisoft/yii2/base/BaseObject.php(109): craft\web\Application->init()
#37 /Users/andreawindisch/DATA/coding/coding-spaces/kinderturnus/vendor/yiisoft/yii2/base/Application.php(204): yii\base\BaseObject->__construct(Array)
#38 [internal function]: yii\base\Application->__construct(Array)
#39 /Users/andreawindisch/DATA/coding/coding-spaces/kinderturnus/vendor/yiisoft/yii2/di/Container.php(419): ReflectionClass->newInstanceArgs(Array)
#40 /Users/andreawindisch/DATA/coding/coding-spaces/kinderturnus/vendor/yiisoft/yii2/di/Container.php(170): yii\di\Container->build('craft\\web\\Appli...', Array, Array)
#41 /Users/andreawindisch/DATA/coding/coding-spaces/kinderturnus/vendor/yiisoft/yii2/BaseYii.php(365): yii\di\Container->get('craft\\web\\Appli...', Array, Array)
#42 /Users/andreawindisch/DATA/coding/coding-spaces/kinderturnus/vendor/craftcms/cms/src/Craft.php(70): yii\BaseYii::createObject(Array, Array)
#43 /Users/andreawindisch/DATA/coding/coding-spaces/kinderturnus/vendor/craftcms/cms/bootstrap/bootstrap.php(342): Craft::createObject(Array)
#44 /Users/andreawindisch/DATA/coding/coding-spaces/kinderturnus/vendor/craftcms/cms/bootstrap/web.php(40): require('/Users/andreawi...')
#45 /Users/andreawindisch/.vscode/extensions/moetelo.twiggy-0.18.0/dist/phpUtils/printCraftTwigEnvironment.php(18): require('/Users/andreawi...')
#46 {main}

Next PDOException: SQLSTATE[HY000] [2002] php_network_getaddresses: getaddrinfo for db failed: nodename nor servname provided, or not known in /Users/andreawindisch/DATA/coding/coding-spaces/kinderturnus/vendor/yiisoft/yii2/db/Connection.php:722
Stack trace:
#0 /Users/andreawindisch/DATA/coding/coding-spaces/kinderturnus/vendor/yiisoft/yii2/db/Connection.php(722): PDO->__construct('mysql:host=db;d...', 'db', Object(SensitiveParameterValue), Array)
#1 /Users/andreawindisch/DATA/coding/coding-spaces/kinderturnus/vendor/yiisoft/yii2/db/Connection.php(637): yii\db\Connection->createPdoInstance()
#2 /Users/andreawindisch/DATA/coding/coding-spaces/kinderturnus/vendor/craftcms/cms/src/db/Connection.php(178): yii\db\Connection->open()
#3 /Users/andreawindisch/DATA/coding/coding-spaces/kinderturnus/vendor/craftcms/cms/src/base/ApplicationTrait.php(969): craft\db\Connection->open()
#4 /Users/andreawindisch/DATA/coding/coding-spaces/kinderturnus/vendor/craftcms/cms/src/base/ApplicationTrait.php(423): craft\web\Application->getIsDbConnectionValid()
#5 /Users/andreawindisch/DATA/coding/coding-spaces/kinderturnus/vendor/craftcms/cms/src/services/Sites.php(1177): craft\web\Application->getIsInstalled()
#6 /Users/andreawindisch/DATA/coding/coding-spaces/kinderturnus/vendor/craftcms/cms/src/services/Sites.php(485): craft\services\Sites->_loadAllSites()
#7 /Users/andreawindisch/DATA/coding/coding-spaces/kinderturnus/vendor/yiisoft/yii2/base/Component.php(180): craft\services\Sites->setCurrentSite(NULL)
#8 /Users/andreawindisch/DATA/coding/coding-spaces/kinderturnus/vendor/yiisoft/yii2/BaseYii.php(557): yii\base\Component->__set('currentSite', NULL)
#9 /Users/andreawindisch/DATA/coding/coding-spaces/kinderturnus/vendor/yiisoft/yii2/base/BaseObject.php(107): yii\BaseYii::configure(Object(craft\services\Sites), Array)
#10 [internal function]: yii\base\BaseObject->__construct(Array)
#11 /Users/andreawindisch/DATA/coding/coding-spaces/kinderturnus/vendor/yiisoft/yii2/di/Container.php(419): ReflectionClass->newInstanceArgs(Array)
#12 /Users/andreawindisch/DATA/coding/coding-spaces/kinderturnus/vendor/yiisoft/yii2/di/Container.php(170): yii\di\Container->build('craft\\services\\...', Array, Array)
#13 /Users/andreawindisch/DATA/coding/coding-spaces/kinderturnus/vendor/yiisoft/yii2/BaseYii.php(365): yii\di\Container->get('craft\\services\\...', Array, Array)
#14 /Users/andreawindisch/DATA/coding/coding-spaces/kinderturnus/vendor/yiisoft/yii2/di/ServiceLocator.php(137): yii\BaseYii::createObject(Array)
#15 /Users/andreawindisch/DATA/coding/coding-spaces/kinderturnus/vendor/yiisoft/yii2/base/Module.php(766): yii\di\ServiceLocator->get('sites', true)
#16 /Users/andreawindisch/DATA/coding/coding-spaces/kinderturnus/vendor/craftcms/cms/src/web/Application.php(369): yii\base\Module->get('sites', true)
#17 /Users/andreawindisch/DATA/coding/coding-spaces/kinderturnus/vendor/yiisoft/yii2/di/Instance.php(172): craft\web\Application->get('sites')
#18 /Users/andreawindisch/DATA/coding/coding-spaces/kinderturnus/vendor/yiisoft/yii2/di/Instance.php(144): yii\di\Instance->get(NULL)
#19 /Users/andreawindisch/DATA/coding/coding-spaces/kinderturnus/vendor/craftcms/cms/src/web/Request.php(229): yii\di\Instance::ensure(Object(yii\di\Instance), 'craft\\services\\...')
#20 /Users/andreawindisch/DATA/coding/coding-spaces/kinderturnus/vendor/yiisoft/yii2/base/BaseObject.php(109): craft\web\Request->init()
#21 [internal function]: yii\base\BaseObject->__construct(Array)
#22 /Users/andreawindisch/DATA/coding/coding-spaces/kinderturnus/vendor/yiisoft/yii2/di/Container.php(419): ReflectionClass->newInstanceArgs(Array)
#23 /Users/andreawindisch/DATA/coding/coding-spaces/kinderturnus/vendor/yiisoft/yii2/di/Container.php(170): yii\di\Container->build('craft\\web\\Reque...', Array, Array)
#24 /Users/andreawindisch/DATA/coding/coding-spaces/kinderturnus/vendor/yiisoft/yii2/BaseYii.php(365): yii\di\Container->get('craft\\web\\Reque...', Array, Array)
#25 /Users/andreawindisch/DATA/coding/coding-spaces/kinderturnus/vendor/craftcms/cms/src/Craft.php(70): yii\BaseYii::createObject(Array, Array)
#26 /Users/andreawindisch/DATA/coding/coding-spaces/kinderturnus/vendor/craftcms/cms/src/config/app.web.php(20): Craft::createObject(Array)
#27 [internal function]: {closure}()
#28 /Users/andreawindisch/DATA/coding/coding-spaces/kinderturnus/vendor/yiisoft/yii2/di/Container.php(633): call_user_func_array(Object(Closure), Array)
#29 /Users/andreawindisch/DATA/coding/coding-spaces/kinderturnus/vendor/yiisoft/yii2/BaseYii.php(349): yii\di\Container->invoke(Object(Closure), Array)
#30 /Users/andreawindisch/DATA/coding/coding-spaces/kinderturnus/vendor/yiisoft/yii2/di/ServiceLocator.php(137): yii\BaseYii::createObject(Object(Closure))
#31 /Users/andreawindisch/DATA/coding/coding-spaces/kinderturnus/vendor/yiisoft/yii2/base/Module.php(766): yii\di\ServiceLocator->get('request', true)
#32 /Users/andreawindisch/DATA/coding/coding-spaces/kinderturnus/vendor/craftcms/cms/src/web/Application.php(369): yii\base\Module->get('request', true)
#33 /Users/andreawindisch/DATA/coding/coding-spaces/kinderturnus/vendor/yiisoft/yii2/web/Application.php(160): craft\web\Application->get('request')
#34 /Users/andreawindisch/DATA/coding/coding-spaces/kinderturnus/vendor/craftcms/cms/src/base/ApplicationTrait.php(1578): yii\web\Application->getRequest()
#35 /Users/andreawindisch/DATA/coding/coding-spaces/kinderturnus/vendor/craftcms/cms/src/web/Application.php(102): craft\web\Application->_preInit()
#36 /Users/andreawindisch/DATA/coding/coding-spaces/kinderturnus/vendor/yiisoft/yii2/base/BaseObject.php(109): craft\web\Application->init()
#37 /Users/andreawindisch/DATA/coding/coding-spaces/kinderturnus/vendor/yiisoft/yii2/base/Application.php(204): yii\base\BaseObject->__construct(Array)
#38 [internal function]: yii\base\Application->__construct(Array)
#39 /Users/andreawindisch/DATA/coding/coding-spaces/kinderturnus/vendor/yiisoft/yii2/di/Container.php(419): ReflectionClass->newInstanceArgs(Array)
#40 /Users/andreawindisch/DATA/coding/coding-spaces/kinderturnus/vendor/yiisoft/yii2/di/Container.php(170): yii\di\Container->build('craft\\web\\Appli...', Array, Array)
#41 /Users/andreawindisch/DATA/coding/coding-spaces/kinderturnus/vendor/yiisoft/yii2/BaseYii.php(365): yii\di\Container->get('craft\\web\\Appli...', Array, Array)
#42 /Users/andreawindisch/DATA/coding/coding-spaces/kinderturnus/vendor/craftcms/cms/src/Craft.php(70): yii\BaseYii::createObject(Array, Array)
#43 /Users/andreawindisch/DATA/coding/coding-spaces/kinderturnus/vendor/craftcms/cms/bootstrap/bootstrap.php(342): Craft::createObject(Array)
#44 /Users/andreawindisch/DATA/coding/coding-spaces/kinderturnus/vendor/craftcms/cms/bootstrap/web.php(40): require('/Users/andreawi...')
#45 /Users/andreawindisch/.vscode/extensions/moetelo.twiggy-0.18.0/dist/phpUtils/printCraftTwigEnvironment.php(18): require('/Users/andreawi...')
#46 {main}

Next yii\db\Exception: SQLSTATE[HY000] [2002] php_network_getaddresses: getaddrinfo for db failed: nodename nor servname provided, or not known in /Users/andreawindisch/DATA/coding/coding-spaces/kinderturnus/vendor/yiisoft/yii2/db/Connection.php:648
Stack trace:
#0 /Users/andreawindisch/DATA/coding/coding-spaces/kinderturnus/vendor/craftcms/cms/src/db/Connection.php(178): yii\db\Connection->open()
#1 /Users/andreawindisch/DATA/coding/coding-spaces/kinderturnus/vendor/craftcms/cms/src/base/ApplicationTrait.php(969): craft\db\Connection->open()
#2 /Users/andreawindisch/DATA/coding/coding-spaces/kinderturnus/vendor/craftcms/cms/src/base/ApplicationTrait.php(423): craft\web\Application->getIsDbConnectionValid()
#3 /Users/andreawindisch/DATA/coding/coding-spaces/kinderturnus/vendor/craftcms/cms/src/services/Sites.php(1177): craft\web\Application->getIsInstalled()
#4 /Users/andreawindisch/DATA/coding/coding-spaces/kinderturnus/vendor/craftcms/cms/src/services/Sites.php(485): craft\services\Sites->_loadAllSites()
#5 /Users/andreawindisch/DATA/coding/coding-spaces/kinderturnus/vendor/yiisoft/yii2/base/Component.php(180): craft\services\Sites->setCurrentSite(NULL)
#6 /Users/andreawindisch/DATA/coding/coding-spaces/kinderturnus/vendor/yiisoft/yii2/BaseYii.php(557): yii\base\Component->__set('currentSite', NULL)
#7 /Users/andreawindisch/DATA/coding/coding-spaces/kinderturnus/vendor/yiisoft/yii2/base/BaseObject.php(107): yii\BaseYii::configure(Object(craft\services\Sites), Array)
#8 [internal function]: yii\base\BaseObject->__construct(Array)
#9 /Users/andreawindisch/DATA/coding/coding-spaces/kinderturnus/vendor/yiisoft/yii2/di/Container.php(419): ReflectionClass->newInstanceArgs(Array)
#10 /Users/andreawindisch/DATA/coding/coding-spaces/kinderturnus/vendor/yiisoft/yii2/di/Container.php(170): yii\di\Container->build('craft\\services\\...', Array, Array)
#11 /Users/andreawindisch/DATA/coding/coding-spaces/kinderturnus/vendor/yiisoft/yii2/BaseYii.php(365): yii\di\Container->get('craft\\services\\...', Array, Array)
#12 /Users/andreawindisch/DATA/coding/coding-spaces/kinderturnus/vendor/yiisoft/yii2/di/ServiceLocator.php(137): yii\BaseYii::createObject(Array)
#13 /Users/andreawindisch/DATA/coding/coding-spaces/kinderturnus/vendor/yiisoft/yii2/base/Module.php(766): yii\di\ServiceLocator->get('sites', true)
#14 /Users/andreawindisch/DATA/coding/coding-spaces/kinderturnus/vendor/craftcms/cms/src/web/Application.php(369): yii\base\Module->get('sites', true)
#15 /Users/andreawindisch/DATA/coding/coding-spaces/kinderturnus/vendor/yiisoft/yii2/di/Instance.php(172): craft\web\Application->get('sites')
#16 /Users/andreawindisch/DATA/coding/coding-spaces/kinderturnus/vendor/yiisoft/yii2/di/Instance.php(144): yii\di\Instance->get(NULL)
#17 /Users/andreawindisch/DATA/coding/coding-spaces/kinderturnus/vendor/craftcms/cms/src/web/Request.php(229): yii\di\Instance::ensure(Object(yii\di\Instance), 'craft\\services\\...')
#18 /Users/andreawindisch/DATA/coding/coding-spaces/kinderturnus/vendor/yiisoft/yii2/base/BaseObject.php(109): craft\web\Request->init()
#19 [internal function]: yii\base\BaseObject->__construct(Array)
#20 /Users/andreawindisch/DATA/coding/coding-spaces/kinderturnus/vendor/yiisoft/yii2/di/Container.php(419): ReflectionClass->newInstanceArgs(Array)
#21 /Users/andreawindisch/DATA/coding/coding-spaces/kinderturnus/vendor/yiisoft/yii2/di/Container.php(170): yii\di\Container->build('craft\\web\\Reque...', Array, Array)
#22 /Users/andreawindisch/DATA/coding/coding-spaces/kinderturnus/vendor/yiisoft/yii2/BaseYii.php(365): yii\di\Container->get('craft\\web\\Reque...', Array, Array)
#23 /Users/andreawindisch/DATA/coding/coding-spaces/kinderturnus/vendor/craftcms/cms/src/Craft.php(70): yii\BaseYii::createObject(Array, Array)
#24 /Users/andreawindisch/DATA/coding/coding-spaces/kinderturnus/vendor/craftcms/cms/src/config/app.web.php(20): Craft::createObject(Array)
#25 [internal function]: {closure}()
#26 /Users/andreawindisch/DATA/coding/coding-spaces/kinderturnus/vendor/yiisoft/yii2/di/Container.php(633): call_user_func_array(Object(Closure), Array)
#27 /Users/andreawindisch/DATA/coding/coding-spaces/kinderturnus/vendor/yiisoft/yii2/BaseYii.php(349): yii\di\Container->invoke(Object(Closure), Array)
#28 /Users/andreawindisch/DATA/coding/coding-spaces/kinderturnus/vendor/yiisoft/yii2/di/ServiceLocator.php(137): yii\BaseYii::createObject(Object(Closure))
#29 /Users/andreawindisch/DATA/coding/coding-spaces/kinderturnus/vendor/yiisoft/yii2/base/Module.php(766): yii\di\ServiceLocator->get('request', true)
#30 /Users/andreawindisch/DATA/coding/coding-spaces/kinderturnus/vendor/craftcms/cms/src/web/Application.php(369): yii\base\Module->get('request', true)
#31 /Users/andreawindisch/DATA/coding/coding-spaces/kinderturnus/vendor/yiisoft/yii2/web/Application.php(160): craft\web\Application->get('request')
#32 /Users/andreawindisch/DATA/coding/coding-spaces/kinderturnus/vendor/craftcms/cms/src/base/ApplicationTrait.php(1578): yii\web\Application->getRequest()
#33 /Users/andreawindisch/DATA/coding/coding-spaces/kinderturnus/vendor/craftcms/cms/src/web/Application.php(102): craft\web\Application->_preInit()
#34 /Users/andreawindisch/DATA/coding/coding-spaces/kinderturnus/vendor/yiisoft/yii2/base/BaseObject.php(109): craft\web\Application->init()
#35 /Users/andreawindisch/DATA/coding/coding-spaces/kinderturnus/vendor/yiisoft/yii2/base/Application.php(204): yii\base\BaseObject->__construct(Array)
#36 [internal function]: yii\base\Application->__construct(Array)
#37 /Users/andreawindisch/DATA/coding/coding-spaces/kinderturnus/vendor/yiisoft/yii2/di/Container.php(419): ReflectionClass->newInstanceArgs(Array)
#38 /Users/andreawindisch/DATA/coding/coding-spaces/kinderturnus/vendor/yiisoft/yii2/di/Container.php(170): yii\di\Container->build('craft\\web\\Appli...', Array, Array)
#39 /Users/andreawindisch/DATA/coding/coding-spaces/kinderturnus/vendor/yiisoft/yii2/BaseYii.php(365): yii\di\Container->get('craft\\web\\Appli...', Array, Array)
#40 /Users/andreawindisch/DATA/coding/coding-spaces/kinderturnus/vendor/craftcms/cms/src/Craft.php(70): yii\BaseYii::createObject(Array, Array)
#41 /Users/andreawindisch/DATA/coding/coding-spaces/kinderturnus/vendor/craftcms/cms/bootstrap/bootstrap.php(342): Craft::createObject(Array)
#42 /Users/andreawindisch/DATA/coding/coding-spaces/kinderturnus/vendor/craftcms/cms/bootstrap/web.php(40): require('/Users/andreawi...')
#43 /Users/andreawindisch/.vscode/extensions/moetelo.twiggy-0.18.0/dist/phpUtils/printCraftTwigEnvironment.php(18): require('/Users/andreawi...')
#44 {main}

Next craft\errors\DbConnectException: Craft CMS can’t connect to the database. in /Users/andreawindisch/DATA/coding/coding-spaces/kinderturnus/vendor/craftcms/cms/src/db/Connection.php:199
Stack trace:
#0 /Users/andreawindisch/DATA/coding/coding-spaces/kinderturnus/vendor/craftcms/cms/src/base/ApplicationTrait.php(969): craft\db\Connection->open()
#1 /Users/andreawindisch/DATA/coding/coding-spaces/kinderturnus/vendor/craftcms/cms/src/base/ApplicationTrait.php(423): craft\web\Application->getIsDbConnectionValid()
#2 /Users/andreawindisch/DATA/coding/coding-spaces/kinderturnus/vendor/craftcms/cms/src/services/Sites.php(1177): craft\web\Application->getIsInstalled()
#3 /Users/andreawindisch/DATA/coding/coding-spaces/kinderturnus/vendor/craftcms/cms/src/services/Sites.php(485): craft\services\Sites->_loadAllSites()
#4 /Users/andreawindisch/DATA/coding/coding-spaces/kinderturnus/vendor/yiisoft/yii2/base/Component.php(180): craft\services\Sites->setCurrentSite(NULL)
#5 /Users/andreawindisch/DATA/coding/coding-spaces/kinderturnus/vendor/yiisoft/yii2/BaseYii.php(557): yii\base\Component->__set('currentSite', NULL)
#6 /Users/andreawindisch/DATA/coding/coding-spaces/kinderturnus/vendor/yiisoft/yii2/base/BaseObject.php(107): yii\BaseYii::configure(Object(craft\services\Sites), Array)
#7 [internal function]: yii\base\BaseObject->__construct(Array)
#8 /Users/andreawindisch/DATA/coding/coding-spaces/kinderturnus/vendor/yiisoft/yii2/di/Container.php(419): ReflectionClass->newInstanceArgs(Array)
#9 /Users/andreawindisch/DATA/coding/coding-spaces/kinderturnus/vendor/yiisoft/yii2/di/Container.php(170): yii\di\Container->build('craft\\services\\...', Array, Array)
#10 /Users/andreawindisch/DATA/coding/coding-spaces/kinderturnus/vendor/yiisoft/yii2/BaseYii.php(365): yii\di\Container->get('craft\\services\\...', Array, Array)
#11 /Users/andreawindisch/DATA/coding/coding-spaces/kinderturnus/vendor/yiisoft/yii2/di/ServiceLocator.php(137): yii\BaseYii::createObject(Array)
#12 /Users/andreawindisch/DATA/coding/coding-spaces/kinderturnus/vendor/yiisoft/yii2/base/Module.php(766): yii\di\ServiceLocator->get('sites', true)
#13 /Users/andreawindisch/DATA/coding/coding-spaces/kinderturnus/vendor/craftcms/cms/src/web/Application.php(369): yii\base\Module->get('sites', true)
#14 /Users/andreawindisch/DATA/coding/coding-spaces/kinderturnus/vendor/yiisoft/yii2/di/Instance.php(172): craft\web\Application->get('sites')
#15 /Users/andreawindisch/DATA/coding/coding-spaces/kinderturnus/vendor/yiisoft/yii2/di/Instance.php(144): yii\di\Instance->get(NULL)
#16 /Users/andreawindisch/DATA/coding/coding-spaces/kinderturnus/vendor/craftcms/cms/src/web/Request.php(229): yii\di\Instance::ensure(Object(yii\di\Instance), 'craft\\services\\...')
#17 /Users/andreawindisch/DATA/coding/coding-spaces/kinderturnus/vendor/yiisoft/yii2/base/BaseObject.php(109): craft\web\Request->init()
#18 [internal function]: yii\base\BaseObject->__construct(Array)
#19 /Users/andreawindisch/DATA/coding/coding-spaces/kinderturnus/vendor/yiisoft/yii2/di/Container.php(419): ReflectionClass->newInstanceArgs(Array)
#20 /Users/andreawindisch/DATA/coding/coding-spaces/kinderturnus/vendor/yiisoft/yii2/di/Container.php(170): yii\di\Container->build('craft\\web\\Reque...', Array, Array)
#21 /Users/andreawindisch/DATA/coding/coding-spaces/kinderturnus/vendor/yiisoft/yii2/BaseYii.php(365): yii\di\Container->get('craft\\web\\Reque...', Array, Array)
#22 /Users/andreawindisch/DATA/coding/coding-spaces/kinderturnus/vendor/craftcms/cms/src/Craft.php(70): yii\BaseYii::createObject(Array, Array)
#23 /Users/andreawindisch/DATA/coding/coding-spaces/kinderturnus/vendor/craftcms/cms/src/config/app.web.php(20): Craft::createObject(Array)
#24 [internal function]: {closure}()
#25 /Users/andreawindisch/DATA/coding/coding-spaces/kinderturnus/vendor/yiisoft/yii2/di/Container.php(633): call_user_func_array(Object(Closure), Array)
#26 /Users/andreawindisch/DATA/coding/coding-spaces/kinderturnus/vendor/yiisoft/yii2/BaseYii.php(349): yii\di\Container->invoke(Object(Closure), Array)
#27 /Users/andreawindisch/DATA/coding/coding-spaces/kinderturnus/vendor/yiisoft/yii2/di/ServiceLocator.php(137): yii\BaseYii::createObject(Object(Closure))
#28 /Users/andreawindisch/DATA/coding/coding-spaces/kinderturnus/vendor/yiisoft/yii2/base/Module.php(766): yii\di\ServiceLocator->get('request', true)
#29 /Users/andreawindisch/DATA/coding/coding-spaces/kinderturnus/vendor/craftcms/cms/src/web/Application.php(369): yii\base\Module->get('request', true)
#30 /Users/andreawindisch/DATA/coding/coding-spaces/kinderturnus/vendor/yiisoft/yii2/web/Application.php(160): craft\web\Application->get('request')
#31 /Users/andreawindisch/DATA/coding/coding-spaces/kinderturnus/vendor/craftcms/cms/src/base/ApplicationTrait.php(1578): yii\web\Application->getRequest()
#32 /Users/andreawindisch/DATA/coding/coding-spaces/kinderturnus/vendor/craftcms/cms/src/web/Application.php(102): craft\web\Application->_preInit()
#33 /Users/andreawindisch/DATA/coding/coding-spaces/kinderturnus/vendor/yiisoft/yii2/base/BaseObject.php(109): craft\web\Application->init()
#34 /Users/andreawindisch/DATA/coding/coding-spaces/kinderturnus/vendor/yiisoft/yii2/base/Application.php(204): yii\base\BaseObject->__construct(Array)
#35 [internal function]: yii\base\Application->__construct(Array)
#36 /Users/andreawindisch/DATA/coding/coding-spaces/kinderturnus/vendor/yiisoft/yii2/di/Container.php(419): ReflectionClass->newInstanceArgs(Array)
#37 /Users/andreawindisch/DATA/coding/coding-spaces/kinderturnus/vendor/yiisoft/yii2/di/Container.php(170): yii\di\Container->build('craft\\web\\Appli...', Array, Array)
#38 /Users/andreawindisch/DATA/coding/coding-spaces/kinderturnus/vendor/yiisoft/yii2/BaseYii.php(365): yii\di\Container->get('craft\\web\\Appli...', Array, Array)
#39 /Users/andreawindisch/DATA/coding/coding-spaces/kinderturnus/vendor/craftcms/cms/src/Craft.php(70): yii\BaseYii::createObject(Array, Array)
#40 /Users/andreawindisch/DATA/coding/coding-spaces/kinderturnus/vendor/craftcms/cms/bootstrap/bootstrap.php(342): Craft::createObject(Array)
#41 /Users/andreawindisch/DATA/coding/coding-spaces/kinderturnus/vendor/craftcms/cms/bootstrap/web.php(40): require('/Users/andreawi...')
#42 /Users/andreawindisch/.vscode/extensions/moetelo.twiggy-0.18.0/dist/phpUtils/printCraftTwigEnvironment.php(18): require('/Users/andreawi...')
#43 {main} {"memory":10833432,"exception":"[object] (craft\\errors\\DbConnectException(code: 0): Craft CMS can’t connect to the database. at /Users/andreawindisch/DATA/coding/coding-spaces/kinderturnus/vendor/craftcms/cms/src/db/Connection.php:199)
[previous exception] [object] (yii\\db\\Exception(code: 2002): SQLSTATE[HY000] [2002] php_network_getaddresses: getaddrinfo for db failed: nodename nor servname provided, or not known at /Users/andreawindisch/DATA/coding/coding-spaces/kinderturnus/vendor/yiisoft/yii2/db/Connection.php:648)
[previous exception] [object] (PDOException(code: 2002): SQLSTATE[HY000] [2002] php_network_getaddresses: getaddrinfo for db failed: nodename nor servname provided, or not known at /Users/andreawindisch/DATA/coding/coding-spaces/kinderturnus/vendor/yiisoft/yii2/db/Connection.php:722)
[previous exception] [object] (PDOException(code: 0): PDO::__construct(): php_network_getaddresses: getaddrinfo for db failed: nodename nor servname provided, or not known at /Users/andreawindisch/DATA/coding/coding-spaces/kinderturnus/vendor/yiisoft/yii2/db/Connection.php:722)"} 
2025-03-04 08:01:19 [console.INFO] [nystudio107\codeeditor\CodeEditor::bootstrap] CodeEditor module bootstrapped {"memory":12446728} 
