2025-02-28 06:21:08 [console.INFO] [yii\db\Connection::open] Opening DB connection: mysql:host=db;dbname=db;port=3306 {"memory":2185424} 
2025-02-28 06:21:08 [console.ERROR] [UnexpectedValueException] UnexpectedValueException: RecursiveDirectoryIterator::__construct(volumes/images/): Failed to open directory: No such file or directory in /var/www/html/vendor/craftcms/cms/src/fs/Local.php:399
Stack trace:
#0 /var/www/html/vendor/craftcms/cms/src/fs/Local.php(399): RecursiveDirectoryIterator->__construct('volumes/images/', 20496)
#1 /var/www/html/vendor/craftcms/cms/src/fs/Local.php(182): craft\fs\Local->getRecursiveIterator('volumes/images/')
#2 /var/www/html/vendor/craftcms/cms/src/services/AssetIndexer.php(73): craft\fs\Local->getFileList('', true)
#3 /var/www/html/vendor/craftcms/cms/src/console/controllers/IndexAssetsController.php(177): craft\services\AssetIndexer->getIndexListOnVolume(Object(craft\models\Volume), '')
#4 /var/www/html/vendor/craftcms/cms/src/console/controllers/IndexAssetsController.php(98): craft\console\controllers\IndexAssetsController->_indexAssets(Array)
#5 [internal function]: craft\console\controllers\IndexAssetsController->actionAll()
#6 /var/www/html/vendor/yiisoft/yii2/base/InlineAction.php(57): call_user_func_array(Array, Array)
#7 /var/www/html/vendor/yiisoft/yii2/base/Controller.php(178): yii\base\InlineAction->runWithParams(Array)
#8 /var/www/html/vendor/yiisoft/yii2/console/Controller.php(180): yii\base\Controller->runAction('all', Array)
#9 /var/www/html/vendor/craftcms/cms/src/console/ControllerTrait.php(88): yii\console\Controller->runAction('all', Array)
#10 /var/www/html/vendor/craftcms/cms/src/console/Controller.php(216): craft\console\Controller->traitRunAction('all', Array)
#11 /var/www/html/vendor/yiisoft/yii2/base/Module.php(552): craft\console\Controller->runAction('all', Array)
#12 /var/www/html/vendor/yiisoft/yii2/console/Application.php(180): yii\base\Module->runAction('index-assets/al...', Array)
#13 /var/www/html/vendor/craftcms/cms/src/console/Application.php(91): yii\console\Application->runAction('index-assets/al...', Array)
#14 /var/www/html/vendor/yiisoft/yii2/console/Application.php(147): craft\console\Application->runAction('index-assets/al...', Array)
#15 /var/www/html/vendor/craftcms/cms/src/console/Application.php(122): yii\console\Application->handleRequest(Object(craft\console\Request))
#16 /var/www/html/vendor/yiisoft/yii2/base/Application.php(384): craft\console\Application->handleRequest(Object(craft\console\Request))
#17 /var/www/html/craft(13): yii\base\Application->run()
#18 {main} {"memory":4115064,"exception":"[object] (UnexpectedValueException(code: 0): RecursiveDirectoryIterator::__construct(volumes/images/): Failed to open directory: No such file or directory at /var/www/html/vendor/craftcms/cms/src/fs/Local.php:399)"} 
2025-02-28 06:21:08 [console.ERROR] [UnexpectedValueException] UnexpectedValueException: RecursiveDirectoryIterator::__construct(volumes/data/): Failed to open directory: No such file or directory in /var/www/html/vendor/craftcms/cms/src/fs/Local.php:399
Stack trace:
#0 /var/www/html/vendor/craftcms/cms/src/fs/Local.php(399): RecursiveDirectoryIterator->__construct('volumes/data/', 20496)
#1 /var/www/html/vendor/craftcms/cms/src/fs/Local.php(182): craft\fs\Local->getRecursiveIterator('volumes/data/')
#2 /var/www/html/vendor/craftcms/cms/src/services/AssetIndexer.php(73): craft\fs\Local->getFileList('', true)
#3 /var/www/html/vendor/craftcms/cms/src/console/controllers/IndexAssetsController.php(177): craft\services\AssetIndexer->getIndexListOnVolume(Object(craft\models\Volume), '')
#4 /var/www/html/vendor/craftcms/cms/src/console/controllers/IndexAssetsController.php(98): craft\console\controllers\IndexAssetsController->_indexAssets(Array)
#5 [internal function]: craft\console\controllers\IndexAssetsController->actionAll()
#6 /var/www/html/vendor/yiisoft/yii2/base/InlineAction.php(57): call_user_func_array(Array, Array)
#7 /var/www/html/vendor/yiisoft/yii2/base/Controller.php(178): yii\base\InlineAction->runWithParams(Array)
#8 /var/www/html/vendor/yiisoft/yii2/console/Controller.php(180): yii\base\Controller->runAction('all', Array)
#9 /var/www/html/vendor/craftcms/cms/src/console/ControllerTrait.php(88): yii\console\Controller->runAction('all', Array)
#10 /var/www/html/vendor/craftcms/cms/src/console/Controller.php(216): craft\console\Controller->traitRunAction('all', Array)
#11 /var/www/html/vendor/yiisoft/yii2/base/Module.php(552): craft\console\Controller->runAction('all', Array)
#12 /var/www/html/vendor/yiisoft/yii2/console/Application.php(180): yii\base\Module->runAction('index-assets/al...', Array)
#13 /var/www/html/vendor/craftcms/cms/src/console/Application.php(91): yii\console\Application->runAction('index-assets/al...', Array)
#14 /var/www/html/vendor/yiisoft/yii2/console/Application.php(147): craft\console\Application->runAction('index-assets/al...', Array)
#15 /var/www/html/vendor/craftcms/cms/src/console/Application.php(122): yii\console\Application->handleRequest(Object(craft\console\Request))
#16 /var/www/html/vendor/yiisoft/yii2/base/Application.php(384): craft\console\Application->handleRequest(Object(craft\console\Request))
#17 /var/www/html/craft(13): yii\base\Application->run()
#18 {main} {"memory":4127264,"exception":"[object] (UnexpectedValueException(code: 0): RecursiveDirectoryIterator::__construct(volumes/data/): Failed to open directory: No such file or directory at /var/www/html/vendor/craftcms/cms/src/fs/Local.php:399)"} 
2025-02-28 06:21:08 [console.ERROR] [UnexpectedValueException] UnexpectedValueException: RecursiveDirectoryIterator::__construct(volumes/videos/): Failed to open directory: No such file or directory in /var/www/html/vendor/craftcms/cms/src/fs/Local.php:399
Stack trace:
#0 /var/www/html/vendor/craftcms/cms/src/fs/Local.php(399): RecursiveDirectoryIterator->__construct('volumes/videos/', 20496)
#1 /var/www/html/vendor/craftcms/cms/src/fs/Local.php(182): craft\fs\Local->getRecursiveIterator('volumes/videos/')
#2 /var/www/html/vendor/craftcms/cms/src/services/AssetIndexer.php(73): craft\fs\Local->getFileList('', true)
#3 /var/www/html/vendor/craftcms/cms/src/console/controllers/IndexAssetsController.php(177): craft\services\AssetIndexer->getIndexListOnVolume(Object(craft\models\Volume), '')
#4 /var/www/html/vendor/craftcms/cms/src/console/controllers/IndexAssetsController.php(98): craft\console\controllers\IndexAssetsController->_indexAssets(Array)
#5 [internal function]: craft\console\controllers\IndexAssetsController->actionAll()
#6 /var/www/html/vendor/yiisoft/yii2/base/InlineAction.php(57): call_user_func_array(Array, Array)
#7 /var/www/html/vendor/yiisoft/yii2/base/Controller.php(178): yii\base\InlineAction->runWithParams(Array)
#8 /var/www/html/vendor/yiisoft/yii2/console/Controller.php(180): yii\base\Controller->runAction('all', Array)
#9 /var/www/html/vendor/craftcms/cms/src/console/ControllerTrait.php(88): yii\console\Controller->runAction('all', Array)
#10 /var/www/html/vendor/craftcms/cms/src/console/Controller.php(216): craft\console\Controller->traitRunAction('all', Array)
#11 /var/www/html/vendor/yiisoft/yii2/base/Module.php(552): craft\console\Controller->runAction('all', Array)
#12 /var/www/html/vendor/yiisoft/yii2/console/Application.php(180): yii\base\Module->runAction('index-assets/al...', Array)
#13 /var/www/html/vendor/craftcms/cms/src/console/Application.php(91): yii\console\Application->runAction('index-assets/al...', Array)
#14 /var/www/html/vendor/yiisoft/yii2/console/Application.php(147): craft\console\Application->runAction('index-assets/al...', Array)
#15 /var/www/html/vendor/craftcms/cms/src/console/Application.php(122): yii\console\Application->handleRequest(Object(craft\console\Request))
#16 /var/www/html/vendor/yiisoft/yii2/base/Application.php(384): craft\console\Application->handleRequest(Object(craft\console\Request))
#17 /var/www/html/craft(13): yii\base\Application->run()
#18 {main} {"memory":4139304,"exception":"[object] (UnexpectedValueException(code: 0): RecursiveDirectoryIterator::__construct(volumes/videos/): Failed to open directory: No such file or directory at /var/www/html/vendor/craftcms/cms/src/fs/Local.php:399)"} 
2025-02-28 14:54:14 [console.INFO] [yii\db\Connection::open] Opening DB connection: mysql:host=db;dbname=db;port=3306 {"memory":2185224} 
2025-02-28 06:59:49 [console.INFO] [yii\db\Connection::open] Opening DB connection: mysql:host=db;dbname=db;port=3306 {"memory":2185280} 
2025-02-28 06:59:49 [console.ERROR] [yii\console\UnknownCommandException] yii\base\InvalidRouteException: Unable to resolve the request: users/list in /var/www/html/vendor/yiisoft/yii2/base/Controller.php:149
Stack trace:
#0 /var/www/html/vendor/yiisoft/yii2/console/Controller.php(180): yii\base\Controller->runAction('list', Array)
#1 /var/www/html/vendor/craftcms/cms/src/console/ControllerTrait.php(88): yii\console\Controller->runAction('list', Array)
#2 /var/www/html/vendor/craftcms/cms/src/console/Controller.php(216): craft\console\Controller->traitRunAction('list', Array)
#3 /var/www/html/vendor/yiisoft/yii2/base/Module.php(552): craft\console\Controller->runAction('list', Array)
#4 /var/www/html/vendor/yiisoft/yii2/console/Application.php(180): yii\base\Module->runAction('users/list', Array)
#5 /var/www/html/vendor/craftcms/cms/src/console/Application.php(91): yii\console\Application->runAction('users/list', Array)
#6 /var/www/html/vendor/yiisoft/yii2/console/Application.php(147): craft\console\Application->runAction('users/list', Array)
#7 /var/www/html/vendor/craftcms/cms/src/console/Application.php(122): yii\console\Application->handleRequest(Object(craft\console\Request))
#8 /var/www/html/vendor/yiisoft/yii2/base/Application.php(384): craft\console\Application->handleRequest(Object(craft\console\Request))
#9 /var/www/html/craft(13): yii\base\Application->run()
#10 {main}

Next yii\console\UnknownCommandException: Unknown command "users/list". in /var/www/html/vendor/yiisoft/yii2/console/Application.php:183
Stack trace:
#0 /var/www/html/vendor/craftcms/cms/src/console/Application.php(91): yii\console\Application->runAction('users/list', Array)
#1 /var/www/html/vendor/yiisoft/yii2/console/Application.php(147): craft\console\Application->runAction('users/list', Array)
#2 /var/www/html/vendor/craftcms/cms/src/console/Application.php(122): yii\console\Application->handleRequest(Object(craft\console\Request))
#3 /var/www/html/vendor/yiisoft/yii2/base/Application.php(384): craft\console\Application->handleRequest(Object(craft\console\Request))
#4 /var/www/html/craft(13): yii\base\Application->run()
#5 {main} {"memory":3425720,"exception":"[object] (yii\\console\\UnknownCommandException(code: 0): Unknown command \"users/list\". at /var/www/html/vendor/yiisoft/yii2/console/Application.php:183)
[previous exception] [object] (yii\\base\\InvalidRouteException(code: 0): Unable to resolve the request: users/list at /var/www/html/vendor/yiisoft/yii2/base/Controller.php:149)"} 
2025-02-28 07:08:46 [console.INFO] [yii\db\Connection::open] Opening DB connection: mysql:host=db;dbname=db;port=3306 {"memory":2185368} 
2025-02-28 07:08:46 [console.INFO] [yii\db\Connection::open] Opening DB connection: mysql:host=db;dbname=db;port=3306 {"memory":4663808} 
