2025-03-03 23:10:57 [queue.INFO] [yii\db\Connection::open] Opening DB connection: mysql:host=db;dbname=db;port=3306 {"memory":821224} 
2025-03-03 23:11:03 [queue.INFO] [yii\db\Connection::open] Opening DB connection: mysql:host=db;dbname=db;port=3306 {"memory":821224} 
2025-03-03 23:11:03 [queue.INFO] [yii\web\Session::open] Session started {"memory":1185832} 
2025-03-03 23:11:03 [queue.INFO] [nystudio107\codeeditor\CodeEditor::bootstrap] CodeEditor module bootstrapped {"memory":1223160} 
2025-03-03 23:11:03 [queue.INFO] [yii\db\Connection::open] Opening DB connection: mysql:host=db;dbname=db;port=3306 {"memory":1607712} 
2025-03-03 23:11:03 [queue.INFO] [craft\queue\QueueLogBehavior::beforeExec]  [639] t9n:["app","Updating search indexes"] (attempt: 1, pid: 13021) - Started {"memory":1666160} 
2025-03-03 23:11:03 [queue.INFO] [craft\queue\QueueLogBehavior::afterExec]  [639] t9n:["app","Updating search indexes"] (attempt: 1, pid: 13021) - Done (time: 0.011s) {"memory":2088912} 
2025-03-03 23:11:03 [queue.INFO] [craft\queue\QueueLogBehavior::beforeExec]  [640] t9n:["app","Updating search indexes"] (attempt: 1, pid: 13021) - Started {"memory":2096256} 
2025-03-03 23:11:03 [queue.INFO] [craft\queue\QueueLogBehavior::afterExec]  [640] t9n:["app","Updating search indexes"] (attempt: 1, pid: 13021) - Done (time: 0.001s) {"memory":2121000} 
2025-03-03 23:11:03 [queue.INFO] [craft\queue\QueueLogBehavior::beforeExec]  [641] t9n:["app","Updating search indexes"] (attempt: 1, pid: 13021) - Started {"memory":2128344} 
2025-03-03 23:11:03 [queue.INFO] [craft\queue\QueueLogBehavior::afterExec]  [641] t9n:["app","Updating search indexes"] (attempt: 1, pid: 13021) - Done (time: 0.001s) {"memory":2153088} 
2025-03-03 23:11:03 [queue.INFO] [craft\queue\QueueLogBehavior::beforeExec]  [642] t9n:["app","Updating search indexes"] (attempt: 1, pid: 13021) - Started {"memory":2160432} 
2025-03-03 23:11:03 [queue.INFO] [craft\queue\QueueLogBehavior::afterExec]  [642] t9n:["app","Updating search indexes"] (attempt: 1, pid: 13021) - Done (time: 0.015s) {"memory":2390784} 
2025-03-03 23:11:03 [queue.INFO] [craft\queue\QueueLogBehavior::beforeExec]  [643] t9n:["app","Updating search indexes"] (attempt: 1, pid: 13021) - Started {"memory":2398128} 
2025-03-03 23:11:03 [queue.INFO] [craft\queue\QueueLogBehavior::afterExec]  [643] t9n:["app","Updating search indexes"] (attempt: 1, pid: 13021) - Done (time: 0.023s) {"memory":2436584} 
2025-03-03 23:11:03 [queue.INFO] [craft\queue\QueueLogBehavior::beforeExec]  [644] t9n:["app","Pruning extra revisions"] (attempt: 1, pid: 13021) - Started {"memory":2443928} 
2025-03-03 23:11:03 [queue.INFO] [craft\queue\QueueLogBehavior::afterExec]  [644] t9n:["app","Pruning extra revisions"] (attempt: 1, pid: 13021) - Done (time: 0.001s) {"memory":2464712} 
2025-03-03 23:11:03 [queue.INFO] [craft\queue\QueueLogBehavior::beforeExec]  [645] t9n:["app","Pruning extra revisions"] (attempt: 1, pid: 13021) - Started {"memory":2472056} 
2025-03-03 23:11:03 [queue.INFO] [craft\queue\QueueLogBehavior::afterExec]  [645] t9n:["app","Pruning extra revisions"] (attempt: 1, pid: 13021) - Done (time: 0.001s) {"memory":2492328} 
2025-03-03 23:11:03 [queue.INFO] [application] Request context:
$_GET = [
    'p' => 'admin/actions/queue/run'
    'v' => '1741072263331'
]

$_POST = []

$_FILES = []

$_COOKIE = [
    '6d36deeeac1e09a51631a0533eb7975a_username' => '89300f1b166de936133172cdba6807a6fc692d2384c1227898d037106a5ef286a:2:{i:0;s:41:\"6d36deeeac1e09a51631a0533eb7975a_username\";i:1;s:5:\"admin\";}'
    'Craft-8bd8e83d-29b5-44f2-835d-174e8d6c711b:sidebar' => 'expanded'
    'Craft-8bd8e83d-29b5-44f2-835d-174e8d6c711b:sidebar-details' => 'expanded'
    'CRAFT_CSRF_TOKEN' => '••••••••••••••••••••••••••••••••••••••••••••••••••••••••••••••••••••••••••••••••••••••••••••••••••••••••••••••••••••••••••••••••••••••••••••••••••••••••••••••••••••••••••••••••••••••••••••••••••••••••••••••••••••••••••••••••••••••••••••••••••••••••••••••••••'
    'CraftSessionId' => '7b670602e6de797b71a71df14917c6f2'
    '__stripe_mid' => '2252f665-5b1e-438c-8721-8f4a66662d30cf5c90'
]

$_SESSION = [
    '64ef28d2f38eee3fca648436bff9332f__flash' => []
    '6d36deeeac1e09a51631a0533eb7975a__token' => '••••••••••••••••••••••••••••••••••••••••••••••••••••••••••••••••••••••••••••••••••••••••••••••••••••'
    '6d36deeeac1e09a51631a0533eb7975a__id' => 1
    '__authKey' => '••••••••••••••••••••••••••••••••••••••••••••••••••••••••••••••••••••••••••••••••••••••••••••••••••••••••••••••••••••••••••••••••••••••••••••••••'
    '6d36deeeac1e09a51631a0533eb7975a__expire' => 1742281863
    '__duration' => 1209600
    '64ef28d2f38eee3fca648436bff9332f__auth_access' => [
        0 => 'previewElement:13'
        1 => 'previewElement:2'
        2 => 'saveAssets:21950e08-1320-46dd-b9f3-8ddae1b3aa50'
        3 => 'previewDraft:64'
        4 => 'previewDraft:66'
    ]
]

$_SERVER = [
    'DEPLOY_NAME' => 'local'
    'DDEV_WEBSERVER_TYPE' => 'nginx-fpm'
    'npm_config_cache' => '/mnt/ddev-global-cache/npm'
    'COREPACK_ENABLE_DOWNLOAD_PROMPT' => '0'
    'IS_DDEV_PROJECT' => 'true'
    'PHP_DEFAULT_VERSION' => '8.2'
    'HOSTNAME' => 'kinderturnus-web'
    'MH_SMTP_BIND_ADDR' => '127.0.0.1:1025'
    'SSH_AUTH_SOCK' => '/home/.ssh-agent/socket'
    'NODE_EXTRA_CA_CERTS' => '/mnt/ddev-global-cache/mkcert/rootCA.pem'
    'DOCKER_IP' => '127.0.0.1'
    'PGPASSWORD' => 'db'
    'MYSQL_PWD' => 'db'
    'DDEV_DOCROOT' => 'web'
    'PWD' => '/var/www/html'
    'PLATFORMSH_CLI_UPDATES_CHECK' => '0'
    'DDEV_FILES_DIR' => ''
    'APACHE_SITE_TEMPLATE' => '/etc/apache2/apache-site.conf'
    'PHP_INI' => '/etc/php/8.2/fpm/php.ini'
    'GOARCH' => 'arm64'
    'DDEV_VERSION' => 'v1.23.5'
    'TZ' => 'Europe/Amsterdam'
    'HTTPS_EXPOSE' => '443:80,8026:8025'
    'COREPACK_HOME' => '/mnt/ddev-global-cache/corepack'
    'DDEV_PRIMARY_URL' => 'http://kinderturnus.ddev.site'
    'LINES' => '13'
    'DDEV_SITENAME' => 'kinderturnus'
    'HOME' => '/home/andreawindisch'
    'DRUSH_OPTIONS_URI' => 'http://kinderturnus.ddev.site'
    'LANG' => 'C.UTF-8'
    'COLUMNS' => '95'
    'DDEV_MUTAGEN_ENABLED' => 'true'
    'PGUSER' => 'db'
    'TERMINUS_CACHE_DIR' => '/mnt/ddev-global-cache/terminus/cache'
    'DDEV_ROUTER_HTTP_PORT' => '80'
    'COMPOSER_PROCESS_TIMEOUT' => '2000'
    'NGINX_SITE_TEMPLATE' => '/etc/nginx/nginx-site.conf'
    'DDEV_FILES_DIRS' => ''
    'HTTP_EXPOSE' => '80:80,8025:8025'
    'NVM_DIR' => '/home/andreawindisch/.nvm'
    'DDEV_PHP_VERSION' => '8.2'
    'DDEV_TLD' => 'ddev.site'
    'DDEV_HOSTNAME' => 'kinderturnus.ddev.site'
    'DDEV_PROJECT' => 'kinderturnus'
    'VIRTUAL_HOST' => 'kinderturnus.ddev.site'
    'TERM' => 'xterm'
    'USER' => 'andreawindisch'
    'MYSQL_HISTFILE' => '/mnt/ddev-global-cache/mysqlhistory/kinderturnus-web/mysql_history'
    'DDEV_WEB_ENTRYPOINT' => '/mnt/ddev_config/web-entrypoint.d'
    'CAROOT' => '/mnt/ddev-global-cache/mkcert'
    'SHLVL' => '1'
    'COMPOSER_ALLOW_SUPERUSER' => '1'
    'BASH_ENV' => '/etc/bash.nointeractive.bashrc'
    'DDEV_DATABASE' => 'mysql:8.0'
    'PGDATABASE' => 'db'
    'XHPROF_OUTPUT_DIR' => '/tmp/xhprof'
    'COMPOSER_CACHE_DIR' => '/mnt/ddev-global-cache/composer'
    'DDEV_XDEBUG_ENABLED' => 'false'
    'DDEV_DATABASE_FAMILY' => 'mysql'
    'PGHOST' => 'db'
    'DDEV_COMPOSER_ROOT' => '/var/www/html'
    'DOCROOT' => 'web'
    'TERMINUS_HIDE_UPDATE_MESSAGE' => '1'
    'PATH' => '~/bin:/var/www/html/vendor/bin:~/bin:/var/www/html/vendor/bin:/usr/local/sbin:/usr/local/bin:/usr/sbin:/usr/bin:/sbin:/bin:/var/www/html/bin:/var/www/html/bin'
    'HOST_DOCKER_INTERNAL_IP' => ''
    'DDEV_PROJECT_TYPE' => 'craftcms'
    'DEBIAN_FRONTEND' => 'noninteractive'
    'DDEV_ROUTER_HTTPS_PORT' => '443'
    'GOOS' => 'darwin'
    'SUPERVISOR_ENABLED' => '1'
    'SUPERVISOR_SERVER_URL' => 'unix:///var/run/supervisor.sock'
    'SUPERVISOR_PROCESS_NAME' => 'php-fpm'
    'SUPERVISOR_GROUP_NAME' => 'php-fpm'
    'HTTP_X_REQUESTED_WITH' => 'XMLHttpRequest'
    'HTTP_X_REGISTERED_JS_FILES' => ''
    'HTTP_X_REGISTERED_ASSET_BUNDLES' => '9f64c09b,22e517a2,aee7f8dc,e505ffd6,6b4d7555,bb2f10a0,e5e48399,815d39ea,fc0bc163,1ccab40d,1e21896b,54698ee0,b842675b,1c3c9add,4b1fd285,d8d08e47,8f00ce04,8768f48b,cf3018d6'
    'HTTP_X_REAL_IP' => '172.17.0.1'
    'HTTP_X_FORWARDED_SERVER' => '7c1a8a2adc53'
    'HTTP_X_FORWARDED_PROTO' => 'http'
    'HTTP_X_FORWARDED_PORT' => '80'
    'HTTP_X_FORWARDED_HOST' => 'kinderturnus.ddev.site'
    'HTTP_X_FORWARDED_FOR' => '172.17.0.1'
    'HTTP_X_CSRF_TOKEN' => '••••••••••••••••••••••••••••••••••••••••••••••••••••••••••••••••••••••••••••••••••••••••••••••••••••••••••••••••••••••••••••••••••••••••••••••••••••••••••••••••••••••••••••••••••••••••••••••••••••••••••••••••••••••••••••••••••••••••••••••••••••••••••••••••••••••••••••••••••••••••••••••••••••••••••••••••••••••••••••••••••••••••••••••••••••••••••••••••••••••••••••••••••••••••••••••••••••••••'
    'HTTP_REFERER' => 'http://kinderturnus.ddev.site/admin/entries/singles?source=singles'
    'HTTP_ORIGIN' => 'http://kinderturnus.ddev.site'
    'HTTP_COOKIE' => '6d36deeeac1e09a51631a0533eb7975a_username=89300f1b166de936133172cdba6807a6fc692d2384c1227898d037106a5ef286a%3A2%3A%7Bi%3A0%3Bs%3A41%3A%226d36deeeac1e09a51631a0533eb7975a_username%22%3Bi%3A1%3Bs%3A5%3A%22admin%22%3B%7D; Craft-8bd8e83d-29b5-44f2-835d-174e8d6c711b:sidebar=expanded; Craft-8bd8e83d-29b5-44f2-835d-174e8d6c711b:sidebar-details=expanded; CRAFT_CSRF_TOKEN=79d81581b5a0ebd60c380faa687eaa00eb155b7b7036bd742cbd9cf76b826981a%3A2%3A%7Bi%3A0%3Bs%3A16%3A%22CRAFT_CSRF_TOKEN%22%3Bi%3A1%3Bs%3A147%3A%22iNLTzo6cY7KwJZnR93IoIuyeyqNOkLnF-_Qehlqz%7C4f7bdf29f10a20f23400f3915f9f56530211f71c6008515c497338c823e69a34iNLTzo6cY7KwJZnR93IoIuyeyqNOkLnF-_Qehlqz%7C1%22%3B%7D; CraftSessionId=7b670602e6de797b71a71df14917c6f2; __stripe_mid=2252f665-5b1e-438c-8721-8f4a66662d30cf5c90'
    'HTTP_ACCEPT_LANGUAGE' => 'de-AT,de;q=0.9,en-GB;q=0.8,en;q=0.7,de-DE;q=0.6,en-US;q=0.5'
    'HTTP_ACCEPT_ENCODING' => 'gzip, deflate'
    'HTTP_ACCEPT' => 'application/json, text/plain, */*'
    'HTTP_CONTENT_LENGTH' => '0'
    'HTTP_USER_AGENT' => 'Mozilla/5.0 (Macintosh; Intel Mac OS X 10_15_7) AppleWebKit/537.36 (KHTML, like Gecko) Chrome/133.0.0.0 Safari/537.36'
    'HTTP_HOST' => 'kinderturnus.ddev.site'
    'HTTPS' => 'off'
    'REDIRECT_STATUS' => '200'
    'SERVER_NAME' => 'kinderturnus.ddev.site'
    'SERVER_PORT' => '80'
    'SERVER_ADDR' => '172.17.0.4'
    'REMOTE_PORT' => '52182'
    'REMOTE_ADDR' => '172.17.0.5'
    'SERVER_SOFTWARE' => 'nginx/1.26.2'
    'GATEWAY_INTERFACE' => 'CGI/1.1'
    'REQUEST_SCHEME' => 'http'
    'SERVER_PROTOCOL' => 'HTTP/1.1'
    'DOCUMENT_ROOT' => '/var/www/html/web'
    'DOCUMENT_URI' => '/index.php'
    'REQUEST_URI' => '/index.php?p=admin%2Factions%2Fqueue%2Frun&v=1741072263331'
    'CONTENT_LENGTH' => '0'
    'CONTENT_TYPE' => ''
    'REQUEST_METHOD' => 'POST'
    'QUERY_STRING' => 'p=admin%2Factions%2Fqueue%2Frun&v=1741072263331'
    'SCRIPT_NAME' => '/index.php'
    'SCRIPT_FILENAME' => '/var/www/html/web/index.php'
    'FCGI_ROLE' => 'RESPONDER'
    'PHP_SELF' => '/index.php'
    'REQUEST_TIME_FLOAT' => 1741072263.3656
    'REQUEST_TIME' => 1741072263
    'CRAFT_APP_ID' => ''
    'CRAFT_ENVIRONMENT' => 'dev'
    'CRAFT_DB_DRIVER' => 'mysql'
    'CRAFT_DB_SERVER' => 'db'
    'CRAFT_DB_PORT' => '3306'
    'CRAFT_DB_DATABASE' => 'db'
    'CRAFT_DB_USER' => 'db'
    'CRAFT_DB_PASSWORD' => '••'
    'CRAFT_DB_SCHEMA' => 'public'
    'CRAFT_DB_TABLE_PREFIX' => ''
    'CRAFT_SECURITY_KEY' => '••••••••••••••••••••••••••••••••'
    'CRAFT_DEV_MODE' => 'true'
    'CRAFT_ALLOW_ADMIN_CHANGES' => 'true'
    'CRAFT_DISALLOW_ROBOTS' => 'true'
    'MAILPIT_SMTP_HOSTNAME' => '127.0.0.1'
    'MAILPIT_SMTP_PORT' => '1025'
    'CRAFT_WEB_ROOT' => '/var/www/html/web'
    'PRIMARY_SITE_URL' => 'http://kinderturnus.ddev.site'
] {"environment":"dev","userId":1} 
