2025-02-26 23:41:01 [web.INFO] [nystudio107\codeeditor\CodeEditor::bootstrap] CodeEditor module bootstrapped {"memory":3238920} 
2025-02-26 23:41:01 [web.INFO] [yii\web\Session::open] Session started {"memory":3799008} 
2025-02-26 23:41:01 [web.ERROR] [yii\base\InvalidConfigException] yii\base\InvalidConfigException: craft\web\Request::cookieValidationKey must be configured with a secret key. in /var/www/html/vendor/yiisoft/yii2/web/Request.php:1728
Stack trace:
#0 /var/www/html/vendor/yiisoft/yii2/web/Request.php(1710): yii\web\Request->loadCookies()
#1 /var/www/html/vendor/yiisoft/yii2/web/User.php(594): yii\web\Request->getCookies()
#2 /var/www/html/vendor/yiisoft/yii2/web/User.php(321): yii\web\User->getIdentityAndDurationFromCookie()
#3 /var/www/html/vendor/yiisoft/yii2/web/User.php(728): yii\web\User->loginByCookie()
#4 /var/www/html/vendor/craftcms/cms/src/web/User.php(452): yii\web\User->renewAuthStatus()
#5 /var/www/html/vendor/yiisoft/yii2/web/User.php(199): craft\web\User->renewAuthStatus()
#6 /var/www/html/vendor/craftcms/cms/src/web/Application.php(444): yii\web\User->getIdentity()
#7 /var/www/html/vendor/craftcms/cms/src/web/Application.php(112): craft\web\Application->debugBootstrap()
#8 /var/www/html/vendor/yiisoft/yii2/base/BaseObject.php(109): craft\web\Application->init()
#9 /var/www/html/vendor/yiisoft/yii2/base/Application.php(204): yii\base\BaseObject->__construct(Array)
#10 [internal function]: yii\base\Application->__construct(Array)
#11 /var/www/html/vendor/yiisoft/yii2/di/Container.php(419): ReflectionClass->newInstanceArgs(Array)
#12 /var/www/html/vendor/yiisoft/yii2/di/Container.php(170): yii\di\Container->build('craft\\web\\Appli...', Array, Array)
#13 /var/www/html/vendor/yiisoft/yii2/BaseYii.php(365): yii\di\Container->get('craft\\web\\Appli...', Array, Array)
#14 /var/www/html/vendor/craftcms/cms/src/Craft.php(70): yii\BaseYii::createObject(Array, Array)
#15 /var/www/html/vendor/craftcms/cms/bootstrap/bootstrap.php(342): Craft::createObject(Array)
#16 /var/www/html/vendor/craftcms/cms/bootstrap/web.php(40): require('/var/www/html/v...')
#17 /var/www/html/web/index.php(11): require('/var/www/html/v...')
#18 {main} {"memory":3541776,"exception":"[object] (yii\\base\\InvalidConfigException(code: 0): craft\\web\\Request::cookieValidationKey must be configured with a secret key. at /var/www/html/vendor/yiisoft/yii2/web/Request.php:1728)"} 
2025-02-26 23:41:01 [web.INFO] [application] Request context:
$_GET = []

$_POST = []

$_FILES = []

$_COOKIE = [
    'CraftSessionId' => '18c5a5df02e0330fd54c653c63ff2aa9'
]

$_SESSION = [
    '64ef28d2f38eee3fca648436bff9332f__flash' => []
]

$_SERVER = [
    'DEPLOY_NAME' => 'local'
    'DDEV_WEBSERVER_TYPE' => 'nginx-fpm'
    'npm_config_cache' => '/mnt/ddev-global-cache/npm'
    'COREPACK_ENABLE_DOWNLOAD_PROMPT' => '0'
    'IS_DDEV_PROJECT' => 'true'
    'PHP_DEFAULT_VERSION' => '8.2'
    'HOSTNAME' => 'master-project-web'
    'MH_SMTP_BIND_ADDR' => '127.0.0.1:1025'
    'SSH_AUTH_SOCK' => '/home/.ssh-agent/socket'
    'NODE_EXTRA_CA_CERTS' => '/mnt/ddev-global-cache/mkcert/rootCA.pem'
    'DOCKER_IP' => '127.0.0.1'
    'PGPASSWORD' => 'db'
    'MYSQL_PWD' => 'db'
    'DDEV_DOCROOT' => 'web'
    'PWD' => '/var/www/html'
    'PLATFORMSH_CLI_UPDATES_CHECK' => '0'
    'DDEV_FILES_DIR' => ''
    'APACHE_SITE_TEMPLATE' => '/etc/apache2/apache-site.conf'
    'PHP_INI' => '/etc/php/8.2/fpm/php.ini'
    'GOARCH' => 'arm64'
    'DDEV_VERSION' => 'v1.23.5'
    'TZ' => 'Europe/Amsterdam'
    'HTTPS_EXPOSE' => '443:80,8026:8025'
    'COREPACK_HOME' => '/mnt/ddev-global-cache/corepack'
    'DDEV_PRIMARY_URL' => 'http://master-project.ddev.site'
    'LINES' => '13'
    'DDEV_SITENAME' => 'master-project'
    'HOME' => '/home/andreawindisch'
    'DRUSH_OPTIONS_URI' => 'http://master-project.ddev.site'
    'LANG' => 'C.UTF-8'
    'COLUMNS' => '106'
    'DDEV_MUTAGEN_ENABLED' => 'true'
    'PGUSER' => 'db'
    'TERMINUS_CACHE_DIR' => '/mnt/ddev-global-cache/terminus/cache'
    'DDEV_ROUTER_HTTP_PORT' => '80'
    'COMPOSER_PROCESS_TIMEOUT' => '2000'
    'NGINX_SITE_TEMPLATE' => '/etc/nginx/nginx-site.conf'
    'DDEV_FILES_DIRS' => ''
    'HTTP_EXPOSE' => '80:80,8025:8025'
    'NVM_DIR' => '/home/andreawindisch/.nvm'
    'DDEV_PHP_VERSION' => '8.2'
    'DDEV_TLD' => 'ddev.site'
    'DDEV_HOSTNAME' => 'master-project.ddev.site'
    'DDEV_PROJECT' => 'master-project'
    'VIRTUAL_HOST' => 'master-project.ddev.site'
    'TERM' => 'xterm'
    'USER' => 'andreawindisch'
    'MYSQL_HISTFILE' => '/mnt/ddev-global-cache/mysqlhistory/master-project-web/mysql_history'
    'DDEV_WEB_ENTRYPOINT' => '/mnt/ddev_config/web-entrypoint.d'
    'CAROOT' => '/mnt/ddev-global-cache/mkcert'
    'SHLVL' => '1'
    'COMPOSER_ALLOW_SUPERUSER' => '1'
    'BASH_ENV' => '/etc/bash.nointeractive.bashrc'
    'DDEV_DATABASE' => 'mysql:8.0'
    'PGDATABASE' => 'db'
    'XHPROF_OUTPUT_DIR' => '/tmp/xhprof'
    'COMPOSER_CACHE_DIR' => '/mnt/ddev-global-cache/composer'
    'DDEV_XDEBUG_ENABLED' => 'false'
    'DDEV_DATABASE_FAMILY' => 'mysql'
    'PGHOST' => 'db'
    'DDEV_COMPOSER_ROOT' => '/var/www/html'
    'DOCROOT' => 'web'
    'TERMINUS_HIDE_UPDATE_MESSAGE' => '1'
    'PATH' => '~/bin:/var/www/html/vendor/bin:~/bin:/var/www/html/vendor/bin:/usr/local/sbin:/usr/local/bin:/usr/sbin:/usr/bin:/sbin:/bin:/var/www/html/bin:/var/www/html/bin'
    'HOST_DOCKER_INTERNAL_IP' => ''
    'DDEV_PROJECT_TYPE' => 'craftcms'
    'DEBIAN_FRONTEND' => 'noninteractive'
    'DDEV_ROUTER_HTTPS_PORT' => '443'
    'GOOS' => 'darwin'
    'SUPERVISOR_ENABLED' => '1'
    'SUPERVISOR_SERVER_URL' => 'unix:///var/run/supervisor.sock'
    'SUPERVISOR_PROCESS_NAME' => 'php-fpm'
    'SUPERVISOR_GROUP_NAME' => 'php-fpm'
    'HTTP_X_REAL_IP' => '172.17.0.1'
    'HTTP_X_FORWARDED_SERVER' => 'f3c9e94bb6ba'
    'HTTP_X_FORWARDED_PROTO' => 'http'
    'HTTP_X_FORWARDED_PORT' => '80'
    'HTTP_X_FORWARDED_HOST' => 'master-project.ddev.site'
    'HTTP_X_FORWARDED_FOR' => '172.17.0.1'
    'HTTP_UPGRADE_INSECURE_REQUESTS' => '1'
    'HTTP_SEC_PURPOSE' => 'prefetch;prerender'
    'HTTP_PURPOSE' => 'prefetch'
    'HTTP_COOKIE' => 'CraftSessionId=18c5a5df02e0330fd54c653c63ff2aa9'
    'HTTP_ACCEPT_LANGUAGE' => 'de-AT,de;q=0.9,en-GB;q=0.8,en;q=0.7,de-DE;q=0.6,en-US;q=0.5'
    'HTTP_ACCEPT_ENCODING' => 'gzip, deflate'
    'HTTP_ACCEPT' => 'text/html,application/xhtml+xml,application/xml;q=0.9,image/avif,image/webp,image/apng,*/*;q=0.8,application/signed-exchange;v=b3;q=0.7'
    'HTTP_USER_AGENT' => 'Mozilla/5.0 (Macintosh; Intel Mac OS X 10_15_7) AppleWebKit/537.36 (KHTML, like Gecko) Chrome/132.0.0.0 Safari/537.36'
    'HTTP_HOST' => 'master-project.ddev.site'
    'HTTPS' => 'off'
    'REDIRECT_STATUS' => '200'
    'SERVER_NAME' => 'master-project.ddev.site'
    'SERVER_PORT' => '80'
    'SERVER_ADDR' => '172.17.0.4'
    'REMOTE_PORT' => '44696'
    'REMOTE_ADDR' => '172.17.0.3'
    'SERVER_SOFTWARE' => 'nginx/1.26.2'
    'GATEWAY_INTERFACE' => 'CGI/1.1'
    'REQUEST_SCHEME' => 'http'
    'SERVER_PROTOCOL' => 'HTTP/1.1'
    'DOCUMENT_ROOT' => '/var/www/html/web'
    'DOCUMENT_URI' => '/index.php'
    'REQUEST_URI' => '/'
    'CONTENT_LENGTH' => ''
    'CONTENT_TYPE' => ''
    'REQUEST_METHOD' => 'GET'
    'QUERY_STRING' => ''
    'SCRIPT_NAME' => '/index.php'
    'SCRIPT_FILENAME' => '/var/www/html/web/index.php'
    'FCGI_ROLE' => 'RESPONDER'
    'PHP_SELF' => '/index.php'
    'REQUEST_TIME_FLOAT' => 1740642060.7281
    'REQUEST_TIME' => 1740642060
    'CRAFT_APP_ID' => ''
    'CRAFT_ENVIRONMENT' => 'dev'
    'CRAFT_DB_DRIVER' => 'mysql'
    'CRAFT_DB_SERVER' => 'db'
    'CRAFT_DB_PORT' => '3306'
    'CRAFT_DB_DATABASE' => 'db'
    'CRAFT_DB_USER' => 'db'
    'CRAFT_DB_PASSWORD' => '••'
    'CRAFT_DB_SCHEMA' => 'public'
    'CRAFT_DB_TABLE_PREFIX' => ''
    'CRAFT_SECURITY_KEY' => ''
    'CRAFT_DEV_MODE' => 'true'
    'CRAFT_ALLOW_ADMIN_CHANGES' => 'true'
    'CRAFT_DISALLOW_ROBOTS' => 'true'
    'MAILPIT_SMTP_HOSTNAME' => '127.0.0.1'
    'MAILPIT_SMTP_PORT' => '1025'
    'CRAFT_WEB_ROOT' => '/var/www/html/web'
    'PRIMARY_SITE_URL' => 'http://master-project.ddev.site'
] {"environment":"dev","sessionId":"18c5a5df02e0330fd54c653c63ff2aa9"} 
